\BOOKMARK [0][-]{chapter*.1}{Dedication}{}% 1
\BOOKMARK [0][-]{chapter*.2}{Preface}{}% 2
\BOOKMARK [1][-]{section*.3}{Bill Venables}{chapter*.2}% 3
\BOOKMARK [1][-]{section*.4}{Rmetrics \(1. ed.\)}{chapter*.2}% 4
\BOOKMARK [1][-]{section*.5}{Editus \(2. ed.\)}{chapter*.2}% 5
\BOOKMARK [0][-]{section*.6}{Contents}{}% 6
\BOOKMARK [0][-]{section*.7}{List of Figures}{}% 7
\BOOKMARK [0][-]{section*.8}{List of Tables}{}% 8
\BOOKMARK [0][-]{chapter.1}{1 Overview}{}% 9
\BOOKMARK [1][-]{section.1.1}{1.1 Quick start}{chapter.1}% 10
\BOOKMARK [1][-]{section.1.2}{1.2 What is Tinn-R?}{chapter.1}% 11
\BOOKMARK [1][-]{section.1.3}{1.3 Why Tinn-R?}{chapter.1}% 12
\BOOKMARK [1][-]{section.1.4}{1.4 What do you get by using Tinn-R?}{chapter.1}% 13
\BOOKMARK [1][-]{section.1.5}{1.5 Do I have to pay for Tinn-R?}{chapter.1}% 14
\BOOKMARK [1][-]{section.1.6}{1.6 What was the motivation to start and maintain the Tinn-R project?}{chapter.1}% 15
\BOOKMARK [1][-]{section.1.7}{1.7 What is the sentence that we, from the development team, most like to hear?}{chapter.1}% 16
\BOOKMARK [1][-]{section.1.8}{1.8 Acknowledgment}{chapter.1}% 17
\BOOKMARK [1][-]{section.1.9}{1.9 Feedback, suggestions and bug reports}{chapter.1}% 18
\BOOKMARK [1][-]{section.1.10}{1.10 What tools were used to make this guide?}{chapter.1}% 19
\BOOKMARK [0][-]{chapter.2}{2 Basics}{}% 20
\BOOKMARK [1][-]{section.2.1}{2.1 Configuration}{chapter.2}% 21
\BOOKMARK [2][-]{section*.10}{Uninstall Tinn-R}{section.2.1}% 22
\BOOKMARK [2][-]{section*.11}{Install and configure Tinn-R and R}{section.2.1}% 23
\BOOKMARK [2][-]{section*.12}{Speller installation}{section.2.1}% 24
\BOOKMARK [2][-]{section*.13}{Inverse DVI search}{section.2.1}% 25
\BOOKMARK [2][-]{section*.14}{Ruby and Deplate}{section.2.1}% 26
\BOOKMARK [2][-]{section*.15}{Python and Txt2tags}{section.2.1}% 27
\BOOKMARK [1][-]{section.2.2}{2.2 Keyboard shortcuts \(default\)}{chapter.2}% 28
\BOOKMARK [2][-]{section*.16}{Main menu \(systematically\)}{section.2.2}% 29
\BOOKMARK [2][-]{section*.17}{Call Tip}{section.2.2}% 30
\BOOKMARK [2][-]{section*.18}{Code \(or data\) Completion}{section.2.2}% 31
\BOOKMARK [2][-]{section*.19}{R Explorer}{section.2.2}% 32
\BOOKMARK [2][-]{section*.20}{Alphabetical List of Keyboard Shortcuts}{section.2.2}% 33
\BOOKMARK [1][-]{section.2.3}{2.3 FAQ}{chapter.2}% 34
\BOOKMARK [2][-]{section*.21}{What is Tinn-R?}{section.2.3}% 35
\BOOKMARK [2][-]{section*.22}{Feedback, suggestions and bug report}{section.2.3}% 36
\BOOKMARK [2][-]{section*.23}{Tinn-R installation}{section.2.3}% 37
\BOOKMARK [2][-]{section*.24}{Hotkeys \(operational system\)}{section.2.3}% 38
\BOOKMARK [2][-]{section*.25}{Miscellaneous}{section.2.3}% 39
\BOOKMARK [0][-]{chapter.3}{3 Working With}{}% 40
\BOOKMARK [1][-]{section.3.1}{3.1 Application options}{chapter.3}% 41
\BOOKMARK [2][-]{section*.26}{Main}{section.3.1}% 42
\BOOKMARK [2][-]{section*.27}{R}{section.3.1}% 43
\BOOKMARK [2][-]{section*.28}{Processing}{section.3.1}% 44
\BOOKMARK [1][-]{section.3.2}{3.2 Editor options}{chapter.3}% 45
\BOOKMARK [2][-]{section*.29}{Display}{section.3.2}% 46
\BOOKMARK [2][-]{section*.30}{Advanced options}{section.3.2}% 47
\BOOKMARK [2][-]{section*.31}{Keystrokes}{section.3.2}% 48
\BOOKMARK [1][-]{section.3.3}{3.3 Selection mode}{chapter.3}% 49
\BOOKMARK [2][-]{section*.32}{Normal}{section.3.3}% 50
\BOOKMARK [2][-]{section*.33}{Line}{section.3.3}% 51
\BOOKMARK [2][-]{section*.34}{Column}{section.3.3}% 52
\BOOKMARK [1][-]{section.3.4}{3.4 Highlighters \(settings\)}{chapter.3}% 53
\BOOKMARK [1][-]{section.3.5}{3.5 Shortcuts customization}{chapter.3}% 54
\BOOKMARK [1][-]{section.3.6}{3.6 Hotkeys \(operational system\)}{chapter.3}% 55
\BOOKMARK [1][-]{section.3.7}{3.7 Rterm interface}{chapter.3}% 56
\BOOKMARK [2][-]{section*.35}{IO}{section.3.7}% 57
\BOOKMARK [2][-]{section*.36}{Log}{section.3.7}% 58
\BOOKMARK [1][-]{section.3.8}{3.8 Tools interface}{chapter.3}% 59
\BOOKMARK [2][-]{section*.37}{Misc}{section.3.8}% 60
\BOOKMARK [2][-]{section*.38}{Markup}{section.3.8}% 61
\BOOKMARK [2][-]{section*.39}{Results}{section.3.8}% 62
\BOOKMARK [2][-]{section*.40}{Spell}{section.3.8}% 63
\BOOKMARK [2][-]{section*.41}{Database}{section.3.8}% 64
\BOOKMARK [2][-]{section*.42}{R}{section.3.8}% 65
\BOOKMARK [1][-]{section.3.9}{3.9 File tabs}{chapter.3}% 66
\BOOKMARK [1][-]{section.3.10}{3.10 Tools bar}{chapter.3}% 67
\BOOKMARK [2][-]{section*.43}{Show/Hide}{section.3.10}% 68
\BOOKMARK [2][-]{section*.44}{Disposition}{section.3.10}% 69
\BOOKMARK [1][-]{section.3.11}{3.11 Find and replace}{chapter.3}% 70
\BOOKMARK [2][-]{section*.45}{Find}{section.3.11}% 71
\BOOKMARK [2][-]{section*.46}{Replace \(Replace dialog only\)}{section.3.11}% 72
\BOOKMARK [1][-]{section.3.12}{3.12 Search in files}{chapter.3}% 73
\BOOKMARK [2][-]{section*.47}{Options}{section.3.12}% 74
\BOOKMARK [2][-]{section*.48}{Where}{section.3.12}% 75
\BOOKMARK [2][-]{section*.49}{Directory options}{section.3.12}% 76
\BOOKMARK [2][-]{section*.50}{Results interface}{section.3.12}% 77
\BOOKMARK [1][-]{section.3.13}{3.13 Databases}{chapter.3}% 78
\BOOKMARK [2][-]{section*.51}{Shortcuts}{section.3.13}% 79
\BOOKMARK [2][-]{section*.52}{Completion}{section.3.13}% 80
\BOOKMARK [2][-]{section*.53}{Comments}{section.3.13}% 81
\BOOKMARK [2][-]{section*.54}{Card \(R\)}{section.3.13}% 82
\BOOKMARK [2][-]{section*.55}{Mirrors \(R\)}{section.3.13}% 83
\BOOKMARK [1][-]{section.3.14}{3.14 Regular expressions}{chapter.3}% 84
\BOOKMARK [2][-]{section*.56}{What are regular expressions?}{section.3.14}% 85
\BOOKMARK [2][-]{section*.57}{Simple Matches}{section.3.14}% 86
\BOOKMARK [2][-]{section*.58}{Escape Sequences}{section.3.14}% 87
\BOOKMARK [2][-]{section*.59}{Character Classes}{section.3.14}% 88
\BOOKMARK [2][-]{section*.60}{Metacharacters}{section.3.14}% 89
\BOOKMARK [2][-]{section*.61}{Regular Expression Tutorials}{section.3.14}% 90
\BOOKMARK [0][-]{chapter.4}{4 Menu Description}{}% 91
\BOOKMARK [1][-]{section.4.1}{4.1 File}{chapter.4}% 92
\BOOKMARK [2][-]{section*.62}{Template}{section.4.1}% 93
\BOOKMARK [2][-]{section*.63}{Copy full path to clipboard}{section.4.1}% 94
\BOOKMARK [1][-]{section.4.2}{4.2 Project}{chapter.4}% 95
\BOOKMARK [2][-]{section*.64}{Project}{section.4.2}% 96
\BOOKMARK [2][-]{section*.65}{Group\(s\)}{section.4.2}% 97
\BOOKMARK [2][-]{section*.66}{File\(s\)}{section.4.2}% 98
\BOOKMARK [1][-]{section.4.3}{4.3 Edit}{chapter.4}% 99
\BOOKMARK [2][-]{section*.67}{Copy formatted \(to export\)}{section.4.3}% 100
\BOOKMARK [1][-]{section.4.4}{4.4 Format}{chapter.4}% 101
\BOOKMARK [2][-]{section*.68}{Selection}{section.4.4}% 102
\BOOKMARK [2][-]{section*.69}{Word}{section.4.4}% 103
\BOOKMARK [2][-]{section*.70}{Reformat}{section.4.4}% 104
\BOOKMARK [1][-]{section.4.5}{4.5 Marks}{chapter.4}% 105
\BOOKMARK [2][-]{section*.71}{Block}{section.4.5}% 106
\BOOKMARK [1][-]{section.4.6}{4.6 Insert}{chapter.4}% 107
\BOOKMARK [2][-]{section*.72}{Latex}{section.4.6}% 108
\BOOKMARK [1][-]{section.4.7}{4.7 Search}{chapter.4}% 109
\BOOKMARK [1][-]{section.4.8}{4.8 Options}{chapter.4}% 110
\BOOKMARK [2][-]{section*.73}{Syntax \(highlighter\)}{section.4.8}% 111
\BOOKMARK [2][-]{section*.74}{Selection mode}{section.4.8}% 112
\BOOKMARK [1][-]{section.4.9}{4.9 Encoding}{chapter.4}% 113
\BOOKMARK [2][-]{section*.75}{Default \(creating new files\)}{section.4.9}% 114
\BOOKMARK [2][-]{section*.76}{Convert \(current encoding to\)}{section.4.9}% 115
\BOOKMARK [2][-]{section*.77}{Change line ending \(delimiter\)}{section.4.9}% 116
\BOOKMARK [1][-]{section.4.10}{4.10 Tools}{chapter.4}% 117
\BOOKMARK [2][-]{section*.78}{Processing}{section.4.10}% 118
\BOOKMARK [2][-]{section*.80}{Database}{section.4.10}% 119
\BOOKMARK [2][-]{section*.81}{Backup}{section.4.10}% 120
\BOOKMARK [2][-]{section*.82}{Restore}{section.4.10}% 121
\BOOKMARK [2][-]{section*.83}{Macro}{section.4.10}% 122
\BOOKMARK [2][-]{section*.84}{Sort}{section.4.10}% 123
\BOOKMARK [1][-]{section.4.11}{4.11 R}{chapter.4}% 124
\BOOKMARK [2][-]{section*.85}{Start/close and connections}{section.4.11}% 125
\BOOKMARK [2][-]{section*.86}{Rterm}{section.4.11}% 126
\BOOKMARK [2][-]{section*.87}{Send}{section.4.11}% 127
\BOOKMARK [2][-]{section*.88}{Control}{section.4.11}% 128
\BOOKMARK [1][-]{section.4.12}{4.12 View}{chapter.4}% 129
\BOOKMARK [2][-]{section*.89}{R}{section.4.12}% 130
\BOOKMARK [2][-]{section*.90}{Tools}{section.4.12}% 131
\BOOKMARK [2][-]{section*.91}{Toolbars}{section.4.12}% 132
\BOOKMARK [2][-]{section*.92}{Tabs}{section.4.12}% 133
\BOOKMARK [2][-]{section*.93}{Line wrap}{section.4.12}% 134
\BOOKMARK [2][-]{section*.94}{Split}{section.4.12}% 135
\BOOKMARK [2][-]{section*.95}{Font of active control \(not permanent\)}{section.4.12}% 136
\BOOKMARK [1][-]{section.4.13}{4.13 Window}{chapter.4}% 137
\BOOKMARK [1][-]{section.4.14}{4.14 Web}{chapter.4}% 138
\BOOKMARK [2][-]{section*.96}{R search}{section.4.14}% 139
\BOOKMARK [2][-]{section*.97}{S search}{section.4.14}% 140
\BOOKMARK [2][-]{section*.98}{R information}{section.4.14}% 141
\BOOKMARK [2][-]{section*.99}{R Editors, Gui's and IDEs}{section.4.14}% 142
\BOOKMARK [2][-]{section*.100}{Tinn-R}{section.4.14}% 143
\BOOKMARK [2][-]{section*.101}{Statistics}{section.4.14}% 144
\BOOKMARK [2][-]{section*.102}{Processing}{section.4.14}% 145
\BOOKMARK [1][-]{section.4.15}{4.15 Help}{chapter.4}% 146
\BOOKMARK [2][-]{section*.103}{File conversion \(introduction\)}{section.4.15}% 147
\BOOKMARK [0][-]{chapter.5}{5 Some Secrets for an Efficient Use}{}% 148
\BOOKMARK [1][-]{section.5.1}{5.1 Introduction}{chapter.5}% 149
\BOOKMARK [1][-]{section.5.2}{5.2 After installation}{chapter.5}% 150
\BOOKMARK [1][-]{section.5.3}{5.3 Shortcuts that can make you lose the visibility of a resource}{chapter.5}% 151
\BOOKMARK [1][-]{section.5.4}{5.4 I'm panicking: what do I do?}{chapter.5}% 152
\BOOKMARK [1][-]{section.5.5}{5.5 Application options}{chapter.5}% 153
\BOOKMARK [2][-]{section*.104}{General}{section.5.5}% 154
\BOOKMARK [2][-]{section*.105}{Appearance}{section.5.5}% 155
\BOOKMARK [2][-]{section*.106}{Dock}{section.5.5}% 156
\BOOKMARK [2][-]{section*.107}{Editor options}{section.5.5}% 157
\BOOKMARK [2][-]{section*.108}{R}{section.5.5}% 158
\BOOKMARK [2][-]{section*.109}{Processing}{section.5.5}% 159
\BOOKMARK [1][-]{section.5.6}{5.6 Highlighters \(settings\)}{chapter.5}% 160
\BOOKMARK [1][-]{section.5.7}{5.7 Tools}{chapter.5}% 161
\BOOKMARK [2][-]{section*.110}{Project}{section.5.7}% 162
\BOOKMARK [2][-]{section*.111}{Database}{section.5.7}% 163
\BOOKMARK [2][-]{section*.115}{R}{section.5.7}% 164
\BOOKMARK [1][-]{section.5.8}{5.8 Bars}{chapter.5}% 165
\BOOKMARK [1][-]{section.5.9}{5.9 Spell checker}{chapter.5}% 166
\BOOKMARK [1][-]{section.5.10}{5.10 Split}{chapter.5}% 167
\BOOKMARK [1][-]{section.5.11}{5.11 Editor: how to?}{chapter.5}% 168
\BOOKMARK [2][-]{section*.119}{Macros: how to use?}{section.5.11}% 169
\BOOKMARK [2][-]{section*.120}{Marks: how to use?}{section.5.11}% 170
\BOOKMARK [2][-]{section*.121}{Editor, Tools and Rterm: how to arrange?}{section.5.11}% 171
\BOOKMARK [2][-]{section*.122}{Active page using the keyboard: how to change?}{section.5.11}% 172
\BOOKMARK [2][-]{section*.123}{Tab order: how to change?}{section.5.11}% 173
\BOOKMARK [0][-]{appendix.A}{A What is New?}{}% 174
\BOOKMARK [1][-]{section.A.1}{A.1 Versions released in 2014 \(01\)}{appendix.A}% 175
\BOOKMARK [1][-]{section.A.2}{A.2 Versions released in 2013 \(10\)}{appendix.A}% 176
\BOOKMARK [1][-]{section.A.3}{A.3 Versions released in 2012 \(03\)}{appendix.A}% 177
\BOOKMARK [1][-]{section.A.4}{A.4 Versions released in 2010 \(10\)}{appendix.A}% 178
\BOOKMARK [1][-]{section.A.5}{A.5 Versions released in 2009 \(16\)}{appendix.A}% 179
\BOOKMARK [1][-]{section.A.6}{A.6 Versions released in 2008 \(14\)}{appendix.A}% 180
\BOOKMARK [1][-]{section.A.7}{A.7 Versions released in 2007 \(26\)}{appendix.A}% 181
\BOOKMARK [1][-]{section.A.8}{A.8 Versions released in 2006 \(64\)}{appendix.A}% 182
\BOOKMARK [1][-]{section.A.9}{A.9 Versions released in 2005 \(25\)}{appendix.A}% 183
\BOOKMARK [1][-]{section.A.10}{A.10 Versions released in 2004 \(16\)}{appendix.A}% 184
\BOOKMARK [0][-]{appendix.B}{B R manuals on CRAN}{}% 185
\BOOKMARK [0][-]{appendix.C}{C GNU GENERAL PUBLIC LICENSE}{}% 186
\BOOKMARK [0][-]{appendix*.308}{References}{}% 187
\BOOKMARK [0][-]{section*.309}{Index}{}% 188
\BOOKMARK [0][-]{appendix*.310}{About the Authors}{}% 189
